c:\users\ad4m\downloads\buildengine-main\buildengine-main\release\engine.pdb
c:\users\ad4m\downloads\buildengine-main\buildengine-main\release\sdl_driver.obj
c:\users\ad4m\downloads\buildengine-main\buildengine-main\release\pragmas.obj
c:\users\ad4m\downloads\buildengine-main\buildengine-main\release\mmulti.obj
c:\users\ad4m\downloads\buildengine-main\buildengine-main\release\engine.obj
c:\users\ad4m\downloads\buildengine-main\buildengine-main\release\cache1d.obj
c:\users\ad4m\downloads\buildengine-main\buildengine-main\release\a_visualc.obj
c:\users\ad4m\downloads\duke3d-main\duke3d-main\source\buildengine\release\engine.pdb
c:\users\ad4m\downloads\duke3d-main\duke3d-main\source\buildengine\release\sdl_driver.obj
c:\users\ad4m\downloads\duke3d-main\duke3d-main\source\buildengine\release\pragmas.obj
c:\users\ad4m\downloads\duke3d-main\duke3d-main\source\buildengine\release\mmulti.obj
c:\users\ad4m\downloads\duke3d-main\duke3d-main\source\buildengine\release\engine.obj
c:\users\ad4m\downloads\duke3d-main\duke3d-main\source\buildengine\release\cache1d.obj
c:\users\ad4m\downloads\duke3d-main\duke3d-main\source\buildengine\release\a_visualc.obj
c:\users\ad4m\downloads\buildengine-main\buildengine-main\releasevc7\engine.lib
c:\users\ad4m\downloads\duke3d-main\duke3d-main\source\buildengine\releasevc7\engine.lib
c:\users\ad4m\downloads\duke3d-main\duke3d-main\source\buildengine\releasevc7\engine.pdb
c:\users\ad4m\downloads\duke3d-main\duke3d-main\source\buildengine\releasevc7\engine.tlog\cl.command.1.tlog
c:\users\ad4m\downloads\duke3d-main\duke3d-main\source\buildengine\releasevc7\engine.tlog\cl.read.1.tlog
c:\users\ad4m\downloads\duke3d-main\duke3d-main\source\buildengine\releasevc7\engine.tlog\cl.write.1.tlog
c:\users\ad4m\downloads\duke3d-main\duke3d-main\source\buildengine\releasevc7\engine.tlog\lib-link.read.1.tlog
c:\users\ad4m\downloads\duke3d-main\duke3d-main\source\buildengine\releasevc7\engine.tlog\lib-link.write.1.tlog
c:\users\ad4m\downloads\duke3d-main\duke3d-main\source\buildengine\releasevc7\engine.tlog\lib.command.1.tlog
