c:\users\ad4m\downloads\shadowwarrior-main\shadowwarrior-main\source\buildengine\debugvc7\engine.bsc
c:\users\ad4m\downloads\shadowwarrior-main\shadowwarrior-main\source\buildengine\debug\engine.pdb
c:\users\ad4m\downloads\shadowwarrior-main\shadowwarrior-main\source\buildengine\debug\engine.idb
c:\users\ad4m\downloads\shadowwarrior-main\shadowwarrior-main\source\buildengine\debugvc7\a_visualc.sbr
c:\users\ad4m\downloads\shadowwarrior-main\shadowwarrior-main\source\buildengine\debugvc7\cache1d.sbr
c:\users\ad4m\downloads\shadowwarrior-main\shadowwarrior-main\source\buildengine\debugvc7\engine.sbr
c:\users\ad4m\downloads\shadowwarrior-main\shadowwarrior-main\source\buildengine\debugvc7\mmulti.sbr
c:\users\ad4m\downloads\shadowwarrior-main\shadowwarrior-main\source\buildengine\debugvc7\pragmas.sbr
c:\users\ad4m\downloads\shadowwarrior-main\shadowwarrior-main\source\buildengine\debugvc7\sdl_driver.sbr
c:\users\ad4m\downloads\shadowwarrior-main\shadowwarrior-main\source\buildengine\debug\sdl_driver.obj
c:\users\ad4m\downloads\shadowwarrior-main\shadowwarrior-main\source\buildengine\debug\pragmas.obj
c:\users\ad4m\downloads\shadowwarrior-main\shadowwarrior-main\source\buildengine\debug\mmulti.obj
c:\users\ad4m\downloads\shadowwarrior-main\shadowwarrior-main\source\buildengine\debug\engine.obj
c:\users\ad4m\downloads\shadowwarrior-main\shadowwarrior-main\source\buildengine\debug\cache1d.obj
c:\users\ad4m\downloads\shadowwarrior-main\shadowwarrior-main\source\buildengine\debug\a_visualc.obj
c:\users\ad4m\downloads\shadowwarrior-main\shadowwarrior-main\source\buildengine\debugvc7\engine.lib
c:\users\ad4m\downloads\shadowwarrior-main\shadowwarrior-main\source\buildengine\debugvc7\engine.pdb
c:\users\ad4m\downloads\shadowwarrior-main\shadowwarrior-main\source\buildengine\debugvc7\engine.tlog\bscmake.command.1.tlog
c:\users\ad4m\downloads\shadowwarrior-main\shadowwarrior-main\source\buildengine\debugvc7\engine.tlog\bscmake.read.1.tlog
c:\users\ad4m\downloads\shadowwarrior-main\shadowwarrior-main\source\buildengine\debugvc7\engine.tlog\bscmake.write.1.tlog
c:\users\ad4m\downloads\shadowwarrior-main\shadowwarrior-main\source\buildengine\debugvc7\engine.tlog\cl.command.1.tlog
c:\users\ad4m\downloads\shadowwarrior-main\shadowwarrior-main\source\buildengine\debugvc7\engine.tlog\cl.read.1.tlog
c:\users\ad4m\downloads\shadowwarrior-main\shadowwarrior-main\source\buildengine\debugvc7\engine.tlog\cl.write.1.tlog
c:\users\ad4m\downloads\shadowwarrior-main\shadowwarrior-main\source\buildengine\debugvc7\engine.tlog\lib-link.read.1.tlog
c:\users\ad4m\downloads\shadowwarrior-main\shadowwarrior-main\source\buildengine\debugvc7\engine.tlog\lib-link.write.1.tlog
c:\users\ad4m\downloads\shadowwarrior-main\shadowwarrior-main\source\buildengine\debugvc7\engine.tlog\lib.command.1.tlog
